CRITICAL - 2023-09-03 21:01:36 --> Undefined variable: getBarang
#0 /Applications/MAMP/htdocs/it-asset/app/Views/barang/barang_view.php(21): CodeIgniter\Debug\Exceptions->errorHandler(8, 'Undefined varia...', '/Applications/M...', 21, Array)
#1 /Applications/MAMP/htdocs/it-asset/system/View/View.php(214): include('/Applications/M...')
#2 /Applications/MAMP/htdocs/it-asset/system/View/View.php(217): CodeIgniter\View\View->CodeIgniter\View\{closure}()
#3 /Applications/MAMP/htdocs/it-asset/system/Common.php(1092): CodeIgniter\View\View->render('barang/barang_v...', Array, true)
#4 /Applications/MAMP/htdocs/it-asset/app/Controllers/Barang.php(24): view('barang/barang_v...', Array)
#5 /Applications/MAMP/htdocs/it-asset/system/CodeIgniter.php(802): App\Controllers\Barang->tambah()
#6 /Applications/MAMP/htdocs/it-asset/system/CodeIgniter.php(399): CodeIgniter\CodeIgniter->runController(Object(App\Controllers\Barang))
#7 /Applications/MAMP/htdocs/it-asset/system/CodeIgniter.php(317): CodeIgniter\CodeIgniter->handleRequest(NULL, Object(Config\Cache), false)
#8 /Applications/MAMP/htdocs/it-asset/public/index.php(37): CodeIgniter\CodeIgniter->run()
#9 {main}
CRITICAL - 2023-09-03 21:03:40 --> Undefined variable: getBarang
#0 /Applications/MAMP/htdocs/it-asset/app/Views/barang/barang_view.php(21): CodeIgniter\Debug\Exceptions->errorHandler(8, 'Undefined varia...', '/Applications/M...', 21, Array)
#1 /Applications/MAMP/htdocs/it-asset/system/View/View.php(214): include('/Applications/M...')
#2 /Applications/MAMP/htdocs/it-asset/system/View/View.php(217): CodeIgniter\View\View->CodeIgniter\View\{closure}()
#3 /Applications/MAMP/htdocs/it-asset/system/Common.php(1092): CodeIgniter\View\View->render('barang/barang_v...', Array, true)
#4 /Applications/MAMP/htdocs/it-asset/app/Controllers/Barang.php(24): view('barang/barang_v...', Array)
#5 /Applications/MAMP/htdocs/it-asset/system/CodeIgniter.php(802): App\Controllers\Barang->tambah()
#6 /Applications/MAMP/htdocs/it-asset/system/CodeIgniter.php(399): CodeIgniter\CodeIgniter->runController(Object(App\Controllers\Barang))
#7 /Applications/MAMP/htdocs/it-asset/system/CodeIgniter.php(317): CodeIgniter\CodeIgniter->handleRequest(NULL, Object(Config\Cache), false)
#8 /Applications/MAMP/htdocs/it-asset/public/index.php(37): CodeIgniter\CodeIgniter->run()
#9 {main}
CRITICAL - 2023-09-03 21:04:26 --> Undefined variable: getBarang
#0 /Applications/MAMP/htdocs/it-asset/app/Views/barang/barang_view.php(21): CodeIgniter\Debug\Exceptions->errorHandler(8, 'Undefined varia...', '/Applications/M...', 21, Array)
#1 /Applications/MAMP/htdocs/it-asset/system/View/View.php(214): include('/Applications/M...')
#2 /Applications/MAMP/htdocs/it-asset/system/View/View.php(217): CodeIgniter\View\View->CodeIgniter\View\{closure}()
#3 /Applications/MAMP/htdocs/it-asset/system/Common.php(1092): CodeIgniter\View\View->render('barang/barang_v...', Array, true)
#4 /Applications/MAMP/htdocs/it-asset/app/Controllers/Barang.php(24): view('barang/barang_v...', Array)
#5 /Applications/MAMP/htdocs/it-asset/system/CodeIgniter.php(802): App\Controllers\Barang->tambah()
#6 /Applications/MAMP/htdocs/it-asset/system/CodeIgniter.php(399): CodeIgniter\CodeIgniter->runController(Object(App\Controllers\Barang))
#7 /Applications/MAMP/htdocs/it-asset/system/CodeIgniter.php(317): CodeIgniter\CodeIgniter->handleRequest(NULL, Object(Config\Cache), false)
#8 /Applications/MAMP/htdocs/it-asset/public/index.php(37): CodeIgniter\CodeIgniter->run()
#9 {main}
CRITICAL - 2023-09-03 21:04:28 --> Undefined variable: getBarang
#0 /Applications/MAMP/htdocs/it-asset/app/Views/barang/barang_view.php(21): CodeIgniter\Debug\Exceptions->errorHandler(8, 'Undefined varia...', '/Applications/M...', 21, Array)
#1 /Applications/MAMP/htdocs/it-asset/system/View/View.php(214): include('/Applications/M...')
#2 /Applications/MAMP/htdocs/it-asset/system/View/View.php(217): CodeIgniter\View\View->CodeIgniter\View\{closure}()
#3 /Applications/MAMP/htdocs/it-asset/system/Common.php(1092): CodeIgniter\View\View->render('barang/barang_v...', Array, true)
#4 /Applications/MAMP/htdocs/it-asset/app/Controllers/Barang.php(24): view('barang/barang_v...', Array)
#5 /Applications/MAMP/htdocs/it-asset/system/CodeIgniter.php(802): App\Controllers\Barang->tambah()
#6 /Applications/MAMP/htdocs/it-asset/system/CodeIgniter.php(399): CodeIgniter\CodeIgniter->runController(Object(App\Controllers\Barang))
#7 /Applications/MAMP/htdocs/it-asset/system/CodeIgniter.php(317): CodeIgniter\CodeIgniter->handleRequest(NULL, Object(Config\Cache), false)
#8 /Applications/MAMP/htdocs/it-asset/public/index.php(37): CodeIgniter\CodeIgniter->run()
#9 {main}
